eeschema (2012-apr-16-27)-stable  >> Creation date: Thu 16 Jan 2014 04:41:05 PM CET

#Cmp ( order = Reference )
| C1         1m          ;             
| C2         100n        ;             
| C3         100n        ;             
| C4         2m2         ;             
| C5         2m2         ;             
| C6         10m         ;             
| C7         10m         ;             
| C8         47m         ;             
| C9         47m         ;             
| P1         CONN_8      ;             
| P2         CONN_3      ;             
| Q1         IRF7343PBF  ; SO8         
| R1         10k         ;             
| R2         1M          ;             
| R3         1k          ;             
| R4         1k5         ;             
| R5         3k3         ;             
| R6         3k3         ;             
| R7         3k3         ;             
| R8         10k         ;             
| R9         10k         ;             
| R10        10k         ;             
| R11        10k         ;             
| R12        100k        ;             
| R13        100k        ;             
| R14        330k        ;             
| R15        330k        ;             
| R16        7M5         ;             
| R17        7M5         ;             
| U1         PIC12F629   ; SOIC        
| U2         78L05       ;             
| U3         TL072       ;             
#End Cmp

#Cmp ( order = Value )
| 100k         R12       ;             
| 100k         R13       ;             
| 100n         C2        ;             
| 100n         C3        ;             
| 10k          R1        ;             
| 10k          R8        ;             
| 10k          R9        ;             
| 10k          R10       ;             
| 10k          R11       ;             
| 10m          C6        ;             
| 10m          C7        ;             
| 1k           R3        ;             
| 1k5          R4        ;             
| 1m           C1        ;             
| 1M           R2        ;             
| 2m2          C4        ;             
| 2m2          C5        ;             
| 330k         R14       ;             
| 330k         R15       ;             
| 3k3          R5        ;             
| 3k3          R6        ;             
| 3k3          R7        ;             
| 47m          C8        ;             
| 47m          C9        ;             
| 78L05        U2        ;             
| 7M5          R16       ;             
| 7M5          R17       ;             
| CONN_3       P2        ;             
| CONN_8       P1        ;             
| IRF7343PBF   Q1        ; SO8         
| PIC12F629    U1        ; SOIC        
| TL072        U3        ;             
#End Cmp

#End List
